2025-02-19 14:55:21,418 - WARNING - Failed to parse Yello!Umaze kugura: Yello!Umaze kugura 2000Rwf(1GB)/30days igura 2,000 RWF...
2025-02-19 14:55:21,422 - WARNING - Failed to parse Yello!Umaze kugura: Yello!Umaze kugura 2,000FRW(2GB) igura 2,000 RWF...
2025-02-19 14:55:21,426 - WARNING - Failed to parse Yello!Umaze kugura: Yello!Umaze kugura 2,000FRW(2GB) igura 2,000 RWF...
2025-02-19 14:55:21,429 - WARNING - Failed to parse Yello!Umaze kugura: Yello!Umaze kugura 500FRW(800MB) igura 500 RWF...
2025-02-19 14:55:21,431 - WARNING - Failed to parse Yello!Umaze kugura: Yello!Umaze kugura 500FRW(800MB) igura 500 RWF...
2025-02-19 14:55:21,434 - WARNING - Failed to parse Yello!Umaze kugura: Yello!Umaze kugura 200Rwf(50MB) igura 200 RWF...
2025-02-19 14:55:21,435 - WARNING - Failed to parse Yello!Umaze kugura: Yello!Umaze kugura 500FRW(800MB) igura 500 RWF...
2025-02-19 14:55:21,436 - WARNING - Failed to parse Yello!Umaze kugura: Yello!Umaze kugura 2000Rwf(1.5GB) igura 2,000 RWF...
2025-02-19 14:55:21,438 - WARNING - Failed to parse Yello!Umaze kugura: Yello!Umaze kugura 3000Frw=2500Mins+100SMS igura 3,000 RWF...
2025-02-19 14:55:21,439 - WARNING - Failed to parse Yello!Umaze kugura: Yello!Umaze kugura 500FRW(800MB) igura 500 RWF...
2025-02-19 14:55:21,439 - WARNING - Failed to parse Yello!Umaze kugura: Yello!Umaze kugura 1000Rwf(1GB) igura 1,000 RWF...
2025-02-19 14:55:21,440 - WARNING - Failed to parse Yello!Umaze kugura: Yello!Umaze kugura 200Rwf(50MB) igura 200 RWF...
2025-02-19 14:55:21,441 - WARNING - Failed to parse Yello!Umaze kugura: Yello!Umaze kugura 1,000FRW(2200MB) igura 1,000 RWF...
2025-02-19 14:55:21,442 - WARNING - Failed to parse Yello!Umaze kugura: Yello!Umaze kugura 1,000FRW(2200MB) igura 1,000 RWF...
2025-02-19 14:55:21,444 - WARNING - Failed to parse Yello!Umaze kugura: Yello!Umaze kugura 5,000FRW(7GB) igura 5,000 RWF...
2025-02-19 14:55:21,449 - WARNING - Failed to parse Yello!Umaze kugura: Yello!Umaze kugura 3000Frw=2500Mins+100SMS igura 3,000 RWF...
2025-02-19 14:55:21,452 - WARNING - Failed to parse Yello!Umaze kugura: Yello!Umaze kugura 5,000FRW(7GB) igura 5,000 RWF...
2025-02-19 14:55:21,460 - WARNING - Failed to parse Yello!Umaze kugura: Yello!Umaze kugura 3000Frw=2500Mins+100SMS igura 3,000 RWF...
2025-02-19 14:55:21,470 - WARNING - Failed to parse Yello!Umaze kugura: Yello!Umaze kugura 2000Frw=1000Mins+50SMS igura 2,000 RWF...
2025-02-19 14:55:21,479 - WARNING - Failed to parse Yello!Umaze kugura: Yello!Umaze kugura 3000Frw=2500Mins+100SMS igura 3,000 RWF...
2025-02-19 14:55:21,489 - WARNING - Failed to parse Yello!Umaze kugura: Yello!Umaze kugura 3000Frw=2500Mins+100SMS igura 3,000 RWF...
2025-02-19 14:55:21,745 - INFO - [31m[1mWARNING: This is a development server. Do not use it in a production deployment. Use a production WSGI server instead.[0m
 * Running on http://127.0.0.1:5000
2025-02-19 14:55:21,745 - INFO - [33mPress CTRL+C to quit[0m
2025-02-19 14:55:21,747 - INFO -  * Restarting with stat
2025-02-19 14:55:22,231 - WARNING - Failed to parse Yello!Umaze kugura: Yello!Umaze kugura 2000Rwf(1GB)/30days igura 2,000 RWF...
2025-02-19 14:55:22,236 - WARNING - Failed to parse Yello!Umaze kugura: Yello!Umaze kugura 2,000FRW(2GB) igura 2,000 RWF...
2025-02-19 14:55:22,240 - WARNING - Failed to parse Yello!Umaze kugura: Yello!Umaze kugura 2,000FRW(2GB) igura 2,000 RWF...
2025-02-19 14:55:22,243 - WARNING - Failed to parse Yello!Umaze kugura: Yello!Umaze kugura 500FRW(800MB) igura 500 RWF...
2025-02-19 14:55:22,246 - WARNING - Failed to parse Yello!Umaze kugura: Yello!Umaze kugura 500FRW(800MB) igura 500 RWF...
2025-02-19 14:55:22,250 - WARNING - Failed to parse Yello!Umaze kugura: Yello!Umaze kugura 200Rwf(50MB) igura 200 RWF...
2025-02-19 14:55:22,251 - WARNING - Failed to parse Yello!Umaze kugura: Yello!Umaze kugura 500FRW(800MB) igura 500 RWF...
2025-02-19 14:55:22,252 - WARNING - Failed to parse Yello!Umaze kugura: Yello!Umaze kugura 2000Rwf(1.5GB) igura 2,000 RWF...
2025-02-19 14:55:22,254 - WARNING - Failed to parse Yello!Umaze kugura: Yello!Umaze kugura 3000Frw=2500Mins+100SMS igura 3,000 RWF...
2025-02-19 14:55:22,254 - WARNING - Failed to parse Yello!Umaze kugura: Yello!Umaze kugura 500FRW(800MB) igura 500 RWF...
2025-02-19 14:55:22,255 - WARNING - Failed to parse Yello!Umaze kugura: Yello!Umaze kugura 1000Rwf(1GB) igura 1,000 RWF...
2025-02-19 14:55:22,256 - WARNING - Failed to parse Yello!Umaze kugura: Yello!Umaze kugura 200Rwf(50MB) igura 200 RWF...
2025-02-19 14:55:22,257 - WARNING - Failed to parse Yello!Umaze kugura: Yello!Umaze kugura 1,000FRW(2200MB) igura 1,000 RWF...
2025-02-19 14:55:22,258 - WARNING - Failed to parse Yello!Umaze kugura: Yello!Umaze kugura 1,000FRW(2200MB) igura 1,000 RWF...
2025-02-19 14:55:22,260 - WARNING - Failed to parse Yello!Umaze kugura: Yello!Umaze kugura 5,000FRW(7GB) igura 5,000 RWF...
2025-02-19 14:55:22,266 - WARNING - Failed to parse Yello!Umaze kugura: Yello!Umaze kugura 3000Frw=2500Mins+100SMS igura 3,000 RWF...
2025-02-19 14:55:22,269 - WARNING - Failed to parse Yello!Umaze kugura: Yello!Umaze kugura 5,000FRW(7GB) igura 5,000 RWF...
2025-02-19 14:55:22,277 - WARNING - Failed to parse Yello!Umaze kugura: Yello!Umaze kugura 3000Frw=2500Mins+100SMS igura 3,000 RWF...
2025-02-19 14:55:22,287 - WARNING - Failed to parse Yello!Umaze kugura: Yello!Umaze kugura 2000Frw=1000Mins+50SMS igura 2,000 RWF...
2025-02-19 14:55:22,296 - WARNING - Failed to parse Yello!Umaze kugura: Yello!Umaze kugura 3000Frw=2500Mins+100SMS igura 3,000 RWF...
2025-02-19 14:55:22,305 - WARNING - Failed to parse Yello!Umaze kugura: Yello!Umaze kugura 3000Frw=2500Mins+100SMS igura 3,000 RWF...
2025-02-19 14:55:22,562 - WARNING -  * Debugger is active!
2025-02-19 14:55:22,564 - INFO -  * Debugger PIN: 943-629-692
2025-02-19 15:01:06,329 - INFO -  * Detected change in 'C:\\Users\\user\\PycharmProjects\\momo-data-analysis\\backend\\data_processing.py', reloading
2025-02-19 15:01:06,381 - INFO -  * Restarting with stat
2025-02-19 15:01:06,903 - WARNING - Failed to parse Yello!Umaze kugura: Yello!Umaze kugura 2000Rwf(1GB)/30days igura 2,000 RWF...
2025-02-19 15:01:06,908 - WARNING - Failed to parse Yello!Umaze kugura: Yello!Umaze kugura 2,000FRW(2GB) igura 2,000 RWF...
2025-02-19 15:01:06,912 - WARNING - Failed to parse Yello!Umaze kugura: Yello!Umaze kugura 2,000FRW(2GB) igura 2,000 RWF...
2025-02-19 15:01:06,916 - WARNING - Failed to parse Yello!Umaze kugura: Yello!Umaze kugura 500FRW(800MB) igura 500 RWF...
2025-02-19 15:01:06,919 - WARNING - Failed to parse Yello!Umaze kugura: Yello!Umaze kugura 500FRW(800MB) igura 500 RWF...
2025-02-19 15:01:06,922 - WARNING - Failed to parse Yello!Umaze kugura: Yello!Umaze kugura 200Rwf(50MB) igura 200 RWF...
2025-02-19 15:01:06,923 - WARNING - Failed to parse Yello!Umaze kugura: Yello!Umaze kugura 500FRW(800MB) igura 500 RWF...
2025-02-19 15:01:06,924 - WARNING - Failed to parse Yello!Umaze kugura: Yello!Umaze kugura 2000Rwf(1.5GB) igura 2,000 RWF...
2025-02-19 15:01:06,926 - WARNING - Failed to parse Yello!Umaze kugura: Yello!Umaze kugura 3000Frw=2500Mins+100SMS igura 3,000 RWF...
2025-02-19 15:01:06,926 - WARNING - Failed to parse Yello!Umaze kugura: Yello!Umaze kugura 500FRW(800MB) igura 500 RWF...
2025-02-19 15:01:06,927 - WARNING - Failed to parse Yello!Umaze kugura: Yello!Umaze kugura 1000Rwf(1GB) igura 1,000 RWF...
2025-02-19 15:01:06,928 - WARNING - Failed to parse Yello!Umaze kugura: Yello!Umaze kugura 200Rwf(50MB) igura 200 RWF...
2025-02-19 15:01:06,928 - WARNING - Failed to parse Yello!Umaze kugura: Yello!Umaze kugura 1,000FRW(2200MB) igura 1,000 RWF...
2025-02-19 15:01:06,930 - WARNING - Failed to parse Yello!Umaze kugura: Yello!Umaze kugura 1,000FRW(2200MB) igura 1,000 RWF...
2025-02-19 15:01:06,932 - WARNING - Failed to parse Yello!Umaze kugura: Yello!Umaze kugura 5,000FRW(7GB) igura 5,000 RWF...
2025-02-19 15:01:06,937 - WARNING - Failed to parse Yello!Umaze kugura: Yello!Umaze kugura 3000Frw=2500Mins+100SMS igura 3,000 RWF...
2025-02-19 15:01:06,940 - WARNING - Failed to parse Yello!Umaze kugura: Yello!Umaze kugura 5,000FRW(7GB) igura 5,000 RWF...
2025-02-19 15:01:06,949 - WARNING - Failed to parse Yello!Umaze kugura: Yello!Umaze kugura 3000Frw=2500Mins+100SMS igura 3,000 RWF...
2025-02-19 15:01:06,958 - WARNING - Failed to parse Yello!Umaze kugura: Yello!Umaze kugura 2000Frw=1000Mins+50SMS igura 2,000 RWF...
2025-02-19 15:01:06,968 - WARNING - Failed to parse Yello!Umaze kugura: Yello!Umaze kugura 3000Frw=2500Mins+100SMS igura 3,000 RWF...
2025-02-19 15:01:06,978 - WARNING - Failed to parse Yello!Umaze kugura: Yello!Umaze kugura 3000Frw=2500Mins+100SMS igura 3,000 RWF...
2025-02-19 15:01:07,264 - WARNING -  * Debugger is active!
2025-02-19 15:01:07,267 - INFO -  * Debugger PIN: 943-629-692
2025-02-19 15:02:38,213 - INFO -  * Detected change in 'C:\\Users\\user\\PycharmProjects\\momo-data-analysis\\backend\\data_processing.py', reloading
2025-02-19 15:02:38,261 - INFO -  * Restarting with stat
2025-02-19 15:02:38,829 - WARNING - Failed to parse Yello!Umaze kugura: Yello!Umaze kugura 2000Rwf(1GB)/30days igura 2,000 RWF...
2025-02-19 15:02:38,834 - WARNING - Failed to parse Yello!Umaze kugura: Yello!Umaze kugura 2,000FRW(2GB) igura 2,000 RWF...
2025-02-19 15:02:38,838 - WARNING - Failed to parse Yello!Umaze kugura: Yello!Umaze kugura 2,000FRW(2GB) igura 2,000 RWF...
2025-02-19 15:02:38,842 - WARNING - Failed to parse Yello!Umaze kugura: Yello!Umaze kugura 500FRW(800MB) igura 500 RWF...
2025-02-19 15:02:38,845 - WARNING - Failed to parse Yello!Umaze kugura: Yello!Umaze kugura 500FRW(800MB) igura 500 RWF...
2025-02-19 15:02:38,848 - WARNING - Failed to parse Yello!Umaze kugura: Yello!Umaze kugura 200Rwf(50MB) igura 200 RWF...
2025-02-19 15:02:38,849 - WARNING - Failed to parse Yello!Umaze kugura: Yello!Umaze kugura 500FRW(800MB) igura 500 RWF...
2025-02-19 15:02:38,850 - WARNING - Failed to parse Yello!Umaze kugura: Yello!Umaze kugura 2000Rwf(1.5GB) igura 2,000 RWF...
2025-02-19 15:02:38,853 - WARNING - Failed to parse Yello!Umaze kugura: Yello!Umaze kugura 3000Frw=2500Mins+100SMS igura 3,000 RWF...
2025-02-19 15:02:38,853 - WARNING - Failed to parse Yello!Umaze kugura: Yello!Umaze kugura 500FRW(800MB) igura 500 RWF...
2025-02-19 15:02:38,854 - WARNING - Failed to parse Yello!Umaze kugura: Yello!Umaze kugura 1000Rwf(1GB) igura 1,000 RWF...
2025-02-19 15:02:38,855 - WARNING - Failed to parse Yello!Umaze kugura: Yello!Umaze kugura 200Rwf(50MB) igura 200 RWF...
2025-02-19 15:02:38,855 - WARNING - Failed to parse Yello!Umaze kugura: Yello!Umaze kugura 1,000FRW(2200MB) igura 1,000 RWF...
2025-02-19 15:02:38,857 - WARNING - Failed to parse Yello!Umaze kugura: Yello!Umaze kugura 1,000FRW(2200MB) igura 1,000 RWF...
2025-02-19 15:02:38,859 - WARNING - Failed to parse Yello!Umaze kugura: Yello!Umaze kugura 5,000FRW(7GB) igura 5,000 RWF...
2025-02-19 15:02:38,865 - WARNING - Failed to parse Yello!Umaze kugura: Yello!Umaze kugura 3000Frw=2500Mins+100SMS igura 3,000 RWF...
2025-02-19 15:02:38,868 - WARNING - Failed to parse Yello!Umaze kugura: Yello!Umaze kugura 5,000FRW(7GB) igura 5,000 RWF...
2025-02-19 15:02:38,877 - WARNING - Failed to parse Yello!Umaze kugura: Yello!Umaze kugura 3000Frw=2500Mins+100SMS igura 3,000 RWF...
2025-02-19 15:02:38,887 - WARNING - Failed to parse Yello!Umaze kugura: Yello!Umaze kugura 2000Frw=1000Mins+50SMS igura 2,000 RWF...
2025-02-19 15:02:38,897 - WARNING - Failed to parse Yello!Umaze kugura: Yello!Umaze kugura 3000Frw=2500Mins+100SMS igura 3,000 RWF...
2025-02-19 15:02:38,907 - WARNING - Failed to parse Yello!Umaze kugura: Yello!Umaze kugura 3000Frw=2500Mins+100SMS igura 3,000 RWF...
2025-02-19 15:02:39,199 - WARNING -  * Debugger is active!
2025-02-19 15:02:39,201 - INFO -  * Debugger PIN: 943-629-692
2025-02-19 15:03:21,402 - WARNING - Failed to parse Yello!Umaze kugura: Yello!Umaze kugura 2000Rwf(1GB)/30days igura 2,000 RWF...
2025-02-19 15:03:21,406 - WARNING - Failed to parse Yello!Umaze kugura: Yello!Umaze kugura 2,000FRW(2GB) igura 2,000 RWF...
2025-02-19 15:03:21,411 - WARNING - Failed to parse Yello!Umaze kugura: Yello!Umaze kugura 2,000FRW(2GB) igura 2,000 RWF...
2025-02-19 15:03:21,414 - WARNING - Failed to parse Yello!Umaze kugura: Yello!Umaze kugura 500FRW(800MB) igura 500 RWF...
2025-02-19 15:03:21,417 - WARNING - Failed to parse Yello!Umaze kugura: Yello!Umaze kugura 500FRW(800MB) igura 500 RWF...
2025-02-19 15:03:21,420 - WARNING - Failed to parse Yello!Umaze kugura: Yello!Umaze kugura 200Rwf(50MB) igura 200 RWF...
2025-02-19 15:03:21,420 - WARNING - Failed to parse Yello!Umaze kugura: Yello!Umaze kugura 500FRW(800MB) igura 500 RWF...
2025-02-19 15:03:21,422 - WARNING - Failed to parse Yello!Umaze kugura: Yello!Umaze kugura 2000Rwf(1.5GB) igura 2,000 RWF...
2025-02-19 15:03:21,424 - WARNING - Failed to parse Yello!Umaze kugura: Yello!Umaze kugura 3000Frw=2500Mins+100SMS igura 3,000 RWF...
2025-02-19 15:03:21,424 - WARNING - Failed to parse Yello!Umaze kugura: Yello!Umaze kugura 500FRW(800MB) igura 500 RWF...
2025-02-19 15:03:21,425 - WARNING - Failed to parse Yello!Umaze kugura: Yello!Umaze kugura 1000Rwf(1GB) igura 1,000 RWF...
2025-02-19 15:03:21,425 - WARNING - Failed to parse Yello!Umaze kugura: Yello!Umaze kugura 200Rwf(50MB) igura 200 RWF...
2025-02-19 15:03:21,426 - WARNING - Failed to parse Yello!Umaze kugura: Yello!Umaze kugura 1,000FRW(2200MB) igura 1,000 RWF...
2025-02-19 15:03:21,427 - WARNING - Failed to parse Yello!Umaze kugura: Yello!Umaze kugura 1,000FRW(2200MB) igura 1,000 RWF...
2025-02-19 15:03:21,429 - WARNING - Failed to parse Yello!Umaze kugura: Yello!Umaze kugura 5,000FRW(7GB) igura 5,000 RWF...
2025-02-19 15:03:21,434 - WARNING - Failed to parse Yello!Umaze kugura: Yello!Umaze kugura 3000Frw=2500Mins+100SMS igura 3,000 RWF...
2025-02-19 15:03:21,437 - WARNING - Failed to parse Yello!Umaze kugura: Yello!Umaze kugura 5,000FRW(7GB) igura 5,000 RWF...
2025-02-19 15:03:21,445 - WARNING - Failed to parse Yello!Umaze kugura: Yello!Umaze kugura 3000Frw=2500Mins+100SMS igura 3,000 RWF...
2025-02-19 15:03:21,454 - WARNING - Failed to parse Yello!Umaze kugura: Yello!Umaze kugura 2000Frw=1000Mins+50SMS igura 2,000 RWF...
2025-02-19 15:03:21,462 - WARNING - Failed to parse Yello!Umaze kugura: Yello!Umaze kugura 3000Frw=2500Mins+100SMS igura 3,000 RWF...
2025-02-19 15:03:21,471 - WARNING - Failed to parse Yello!Umaze kugura: Yello!Umaze kugura 3000Frw=2500Mins+100SMS igura 3,000 RWF...
2025-02-19 15:03:21,753 - INFO - [31m[1mWARNING: This is a development server. Do not use it in a production deployment. Use a production WSGI server instead.[0m
 * Running on http://127.0.0.1:5000
2025-02-19 15:03:21,754 - INFO - [33mPress CTRL+C to quit[0m
2025-02-19 15:03:21,756 - INFO -  * Restarting with stat
2025-02-19 15:03:22,226 - WARNING - Failed to parse Yello!Umaze kugura: Yello!Umaze kugura 2000Rwf(1GB)/30days igura 2,000 RWF...
2025-02-19 15:03:22,230 - WARNING - Failed to parse Yello!Umaze kugura: Yello!Umaze kugura 2,000FRW(2GB) igura 2,000 RWF...
2025-02-19 15:03:22,234 - WARNING - Failed to parse Yello!Umaze kugura: Yello!Umaze kugura 2,000FRW(2GB) igura 2,000 RWF...
2025-02-19 15:03:22,237 - WARNING - Failed to parse Yello!Umaze kugura: Yello!Umaze kugura 500FRW(800MB) igura 500 RWF...
2025-02-19 15:03:22,240 - WARNING - Failed to parse Yello!Umaze kugura: Yello!Umaze kugura 500FRW(800MB) igura 500 RWF...
2025-02-19 15:03:22,243 - WARNING - Failed to parse Yello!Umaze kugura: Yello!Umaze kugura 200Rwf(50MB) igura 200 RWF...
2025-02-19 15:03:22,244 - WARNING - Failed to parse Yello!Umaze kugura: Yello!Umaze kugura 500FRW(800MB) igura 500 RWF...
2025-02-19 15:03:22,245 - WARNING - Failed to parse Yello!Umaze kugura: Yello!Umaze kugura 2000Rwf(1.5GB) igura 2,000 RWF...
2025-02-19 15:03:22,247 - WARNING - Failed to parse Yello!Umaze kugura: Yello!Umaze kugura 3000Frw=2500Mins+100SMS igura 3,000 RWF...
2025-02-19 15:03:22,247 - WARNING - Failed to parse Yello!Umaze kugura: Yello!Umaze kugura 500FRW(800MB) igura 500 RWF...
2025-02-19 15:03:22,248 - WARNING - Failed to parse Yello!Umaze kugura: Yello!Umaze kugura 1000Rwf(1GB) igura 1,000 RWF...
2025-02-19 15:03:22,248 - WARNING - Failed to parse Yello!Umaze kugura: Yello!Umaze kugura 200Rwf(50MB) igura 200 RWF...
2025-02-19 15:03:22,249 - WARNING - Failed to parse Yello!Umaze kugura: Yello!Umaze kugura 1,000FRW(2200MB) igura 1,000 RWF...
2025-02-19 15:03:22,250 - WARNING - Failed to parse Yello!Umaze kugura: Yello!Umaze kugura 1,000FRW(2200MB) igura 1,000 RWF...
2025-02-19 15:03:22,252 - WARNING - Failed to parse Yello!Umaze kugura: Yello!Umaze kugura 5,000FRW(7GB) igura 5,000 RWF...
2025-02-19 15:03:22,257 - WARNING - Failed to parse Yello!Umaze kugura: Yello!Umaze kugura 3000Frw=2500Mins+100SMS igura 3,000 RWF...
2025-02-19 15:03:22,260 - WARNING - Failed to parse Yello!Umaze kugura: Yello!Umaze kugura 5,000FRW(7GB) igura 5,000 RWF...
2025-02-19 15:03:22,268 - WARNING - Failed to parse Yello!Umaze kugura: Yello!Umaze kugura 3000Frw=2500Mins+100SMS igura 3,000 RWF...
2025-02-19 15:03:22,277 - WARNING - Failed to parse Yello!Umaze kugura: Yello!Umaze kugura 2000Frw=1000Mins+50SMS igura 2,000 RWF...
2025-02-19 15:03:22,286 - WARNING - Failed to parse Yello!Umaze kugura: Yello!Umaze kugura 3000Frw=2500Mins+100SMS igura 3,000 RWF...
2025-02-19 15:03:22,295 - WARNING - Failed to parse Yello!Umaze kugura: Yello!Umaze kugura 3000Frw=2500Mins+100SMS igura 3,000 RWF...
2025-02-19 15:03:22,560 - WARNING -  * Debugger is active!
2025-02-19 15:03:22,563 - INFO -  * Debugger PIN: 943-629-692
2025-02-19 15:10:57,144 - INFO -  * Detected change in 'C:\\Users\\user\\PycharmProjects\\momo-data-analysis\\backend\\app.py', reloading
2025-02-19 15:10:57,191 - INFO -  * Restarting with stat
2025-02-19 15:10:57,727 - WARNING - Failed to parse Yello!Umaze kugura: Yello!Umaze kugura 2000Rwf(1GB)/30days igura 2,000 RWF...
2025-02-19 15:10:57,732 - WARNING - Failed to parse Yello!Umaze kugura: Yello!Umaze kugura 2,000FRW(2GB) igura 2,000 RWF...
2025-02-19 15:10:57,737 - WARNING - Failed to parse Yello!Umaze kugura: Yello!Umaze kugura 2,000FRW(2GB) igura 2,000 RWF...
2025-02-19 15:10:57,741 - WARNING - Failed to parse Yello!Umaze kugura: Yello!Umaze kugura 500FRW(800MB) igura 500 RWF...
2025-02-19 15:10:57,744 - WARNING - Failed to parse Yello!Umaze kugura: Yello!Umaze kugura 500FRW(800MB) igura 500 RWF...
2025-02-19 15:10:57,748 - WARNING - Failed to parse Yello!Umaze kugura: Yello!Umaze kugura 200Rwf(50MB) igura 200 RWF...
2025-02-19 15:10:57,748 - WARNING - Failed to parse Yello!Umaze kugura: Yello!Umaze kugura 500FRW(800MB) igura 500 RWF...
2025-02-19 15:10:57,750 - WARNING - Failed to parse Yello!Umaze kugura: Yello!Umaze kugura 2000Rwf(1.5GB) igura 2,000 RWF...
2025-02-19 15:10:57,752 - WARNING - Failed to parse Yello!Umaze kugura: Yello!Umaze kugura 3000Frw=2500Mins+100SMS igura 3,000 RWF...
2025-02-19 15:10:57,753 - WARNING - Failed to parse Yello!Umaze kugura: Yello!Umaze kugura 500FRW(800MB) igura 500 RWF...
2025-02-19 15:10:57,753 - WARNING - Failed to parse Yello!Umaze kugura: Yello!Umaze kugura 1000Rwf(1GB) igura 1,000 RWF...
2025-02-19 15:10:57,754 - WARNING - Failed to parse Yello!Umaze kugura: Yello!Umaze kugura 200Rwf(50MB) igura 200 RWF...
2025-02-19 15:10:57,755 - WARNING - Failed to parse Yello!Umaze kugura: Yello!Umaze kugura 1,000FRW(2200MB) igura 1,000 RWF...
2025-02-19 15:10:57,756 - WARNING - Failed to parse Yello!Umaze kugura: Yello!Umaze kugura 1,000FRW(2200MB) igura 1,000 RWF...
2025-02-19 15:10:57,758 - WARNING - Failed to parse Yello!Umaze kugura: Yello!Umaze kugura 5,000FRW(7GB) igura 5,000 RWF...
2025-02-19 15:10:57,765 - WARNING - Failed to parse Yello!Umaze kugura: Yello!Umaze kugura 3000Frw=2500Mins+100SMS igura 3,000 RWF...
2025-02-19 15:10:57,768 - WARNING - Failed to parse Yello!Umaze kugura: Yello!Umaze kugura 5,000FRW(7GB) igura 5,000 RWF...
2025-02-19 15:10:57,778 - WARNING - Failed to parse Yello!Umaze kugura: Yello!Umaze kugura 3000Frw=2500Mins+100SMS igura 3,000 RWF...
2025-02-19 15:10:57,789 - WARNING - Failed to parse Yello!Umaze kugura: Yello!Umaze kugura 2000Frw=1000Mins+50SMS igura 2,000 RWF...
2025-02-19 15:10:57,799 - WARNING - Failed to parse Yello!Umaze kugura: Yello!Umaze kugura 3000Frw=2500Mins+100SMS igura 3,000 RWF...
2025-02-19 15:10:57,810 - WARNING - Failed to parse Yello!Umaze kugura: Yello!Umaze kugura 3000Frw=2500Mins+100SMS igura 3,000 RWF...
2025-02-19 15:10:58,128 - WARNING -  * Debugger is active!
2025-02-19 15:10:58,133 - INFO -  * Debugger PIN: 943-629-692
2025-02-19 15:16:00,447 - INFO -  * Detected change in 'C:\\Users\\user\\PycharmProjects\\momo-data-analysis\\backend\\app.py', reloading
2025-02-19 15:16:00,503 - INFO -  * Restarting with stat
2025-02-19 15:16:01,152 - WARNING - Failed to parse Yello!Umaze kugura: Yello!Umaze kugura 2000Rwf(1GB)/30days igura 2,000 RWF...
2025-02-19 15:16:01,159 - WARNING - Failed to parse Yello!Umaze kugura: Yello!Umaze kugura 2,000FRW(2GB) igura 2,000 RWF...
2025-02-19 15:16:01,168 - WARNING - Failed to parse Yello!Umaze kugura: Yello!Umaze kugura 2,000FRW(2GB) igura 2,000 RWF...
2025-02-19 15:16:01,173 - WARNING - Failed to parse Yello!Umaze kugura: Yello!Umaze kugura 500FRW(800MB) igura 500 RWF...
2025-02-19 15:16:01,176 - WARNING - Failed to parse Yello!Umaze kugura: Yello!Umaze kugura 500FRW(800MB) igura 500 RWF...
2025-02-19 15:16:01,181 - WARNING - Failed to parse Yello!Umaze kugura: Yello!Umaze kugura 200Rwf(50MB) igura 200 RWF...
2025-02-19 15:16:01,181 - WARNING - Failed to parse Yello!Umaze kugura: Yello!Umaze kugura 500FRW(800MB) igura 500 RWF...
2025-02-19 15:16:01,183 - WARNING - Failed to parse Yello!Umaze kugura: Yello!Umaze kugura 2000Rwf(1.5GB) igura 2,000 RWF...
2025-02-19 15:16:01,186 - WARNING - Failed to parse Yello!Umaze kugura: Yello!Umaze kugura 3000Frw=2500Mins+100SMS igura 3,000 RWF...
2025-02-19 15:16:01,186 - WARNING - Failed to parse Yello!Umaze kugura: Yello!Umaze kugura 500FRW(800MB) igura 500 RWF...
2025-02-19 15:16:01,187 - WARNING - Failed to parse Yello!Umaze kugura: Yello!Umaze kugura 1000Rwf(1GB) igura 1,000 RWF...
2025-02-19 15:16:01,188 - WARNING - Failed to parse Yello!Umaze kugura: Yello!Umaze kugura 200Rwf(50MB) igura 200 RWF...
2025-02-19 15:16:01,188 - WARNING - Failed to parse Yello!Umaze kugura: Yello!Umaze kugura 1,000FRW(2200MB) igura 1,000 RWF...
2025-02-19 15:16:01,191 - WARNING - Failed to parse Yello!Umaze kugura: Yello!Umaze kugura 1,000FRW(2200MB) igura 1,000 RWF...
2025-02-19 15:16:01,196 - WARNING - Failed to parse Yello!Umaze kugura: Yello!Umaze kugura 5,000FRW(7GB) igura 5,000 RWF...
2025-02-19 15:16:01,208 - WARNING - Failed to parse Yello!Umaze kugura: Yello!Umaze kugura 3000Frw=2500Mins+100SMS igura 3,000 RWF...
2025-02-19 15:16:01,212 - WARNING - Failed to parse Yello!Umaze kugura: Yello!Umaze kugura 5,000FRW(7GB) igura 5,000 RWF...
2025-02-19 15:16:01,222 - WARNING - Failed to parse Yello!Umaze kugura: Yello!Umaze kugura 3000Frw=2500Mins+100SMS igura 3,000 RWF...
2025-02-19 15:16:01,232 - WARNING - Failed to parse Yello!Umaze kugura: Yello!Umaze kugura 2000Frw=1000Mins+50SMS igura 2,000 RWF...
2025-02-19 15:16:01,248 - WARNING - Failed to parse Yello!Umaze kugura: Yello!Umaze kugura 3000Frw=2500Mins+100SMS igura 3,000 RWF...
2025-02-19 15:16:01,259 - WARNING - Failed to parse Yello!Umaze kugura: Yello!Umaze kugura 3000Frw=2500Mins+100SMS igura 3,000 RWF...
2025-02-19 15:16:01,699 - WARNING -  * Debugger is active!
2025-02-19 15:16:01,701 - INFO -  * Debugger PIN: 943-629-692
